   -5.000000  0.000028  0.005318  0.000000
   -4.990000  0.000028  0.005319  0.000000
   -4.980000  0.000028  0.005321  0.000000
   -4.970000  0.000028  0.005324  0.000000
   -4.960000  0.000028  0.005329  0.000000
   -4.950000  0.000028  0.005336  0.000000
   -4.940000  0.000029  0.005344  0.000000
   -4.930000  0.000029  0.005353  0.000000
   -4.920000  0.000029  0.005365  0.000000
   -4.910000  0.000029  0.005377  0.000000
   -4.900000  0.000029  0.005391  0.000000
   -4.890000  0.000029  0.005406  0.000000
   -4.880000  0.000029  0.005423  0.000000
   -4.870000  0.000030  0.005441  0.000000
   -4.860000  0.000030  0.005461  0.000000
   -4.850000  0.000030  0.005482  0.000000
   -4.840000  0.000030  0.005505  0.000000
   -4.830000  0.000031  0.005530  0.000000
   -4.820000  0.000031  0.005556  0.000000
   -4.810000  0.000031  0.005583  0.000000
   -4.800000  0.000031  0.005612  0.000000
   -4.790000  0.000032  0.005643  0.000000
   -4.780000  0.000032  0.005674  0.000000
   -4.770000  0.000033  0.005708  0.000000
   -4.760000  0.000033  0.005743  0.000000
   -4.750000  0.000033  0.005779  0.000000
   -4.740000  0.000034  0.005818  0.000000
   -4.730000  0.000034  0.005858  0.000000
   -4.720000  0.000035  0.005899  0.000000
   -4.710000  0.000035  0.005943  0.000000
   -4.700000  0.000036  0.005988  0.000000
   -4.690000  0.000036  0.006034  0.000000
   -4.680000  0.000037  0.006082  0.000000
   -4.670000  0.000038  0.006131  0.000000
   -4.660000  0.000038  0.006182  0.000000
   -4.650000  0.000039  0.006235  0.000000
   -4.640000  0.000040  0.006290  0.000000
   -4.630000  0.000040  0.006347  0.000000
   -4.620000  0.000041  0.006405  0.000000
   -4.610000  0.000042  0.006466  0.000000
   -4.600000  0.000043  0.006527  0.000000
   -4.590000  0.000043  0.006591  0.000000
   -4.580000  0.000044  0.006656  0.000000
   -4.570000  0.000045  0.006723  0.000000
   -4.560000  0.000046  0.006792  0.000000
   -4.550000  0.000047  0.006863  0.000000
   -4.540000  0.000048  0.006935  0.000000
   -4.530000  0.000049  0.007010  0.000000
   -4.520000  0.000050  0.007087  0.000000
   -4.510000  0.000051  0.007166  0.000000
   -4.500000  0.000053  0.007246  0.000000
   -4.490000  0.000054  0.007329  0.000000
   -4.480000  0.000055  0.007413  0.000000
   -4.470000  0.000056  0.007499  0.000000
   -4.460000  0.000058  0.007588  0.000000
   -4.450000  0.000059  0.007678  0.000000
   -4.440000  0.000060  0.007771  0.000000
   -4.430000  0.000062  0.007866  0.000000
   -4.420000  0.000063  0.007964  0.000000
   -4.410000  0.000065  0.008063  0.000000
   -4.400000  0.000067  0.008165  0.000000
   -4.390000  0.000068  0.008268  0.000000
   -4.380000  0.000070  0.008374  0.000000
   -4.370000  0.000072  0.008482  0.000000
   -4.360000  0.000074  0.008592  0.000000
   -4.350000  0.000076  0.008705  0.000000
   -4.340000  0.000078  0.008821  0.000000
   -4.330000  0.000080  0.008939  0.000000
   -4.320000  0.000082  0.009059  0.000000
   -4.310000  0.000084  0.009182  0.000000
   -4.300000  0.000087  0.009307  0.000000
   -4.290000  0.000089  0.009435  0.000000
   -4.280000  0.000091  0.009565  0.000000
   -4.270000  0.000094  0.009698  0.000000
   -4.260000  0.000097  0.009833  0.000000
   -4.250000  0.000099  0.009971  0.000000
   -4.240000  0.000102  0.010112  0.000000
   -4.230000  0.000105  0.010256  0.000000
   -4.220000  0.000108  0.010403  0.000000
   -4.210000  0.000111  0.010553  0.000000
   -4.200000  0.000115  0.010705  0.000000
   -4.190000  0.000118  0.010860  0.000000
   -4.180000  0.000121  0.011019  0.000000
   -4.170000  0.000125  0.011180  0.000000
   -4.160000  0.000129  0.011344  0.000000
   -4.150000  0.000133  0.011511  0.000000
   -4.140000  0.000136  0.011682  0.000000
   -4.130000  0.000141  0.011856  0.000000
   -4.120000  0.000145  0.012033  0.000000
   -4.110000  0.000149  0.012214  0.000000
   -4.100000  0.000154  0.012398  0.000000
   -4.090000  0.000158  0.012585  0.000000
   -4.080000  0.000163  0.012775  0.000000
   -4.070000  0.000168  0.012969  0.000000
   -4.060000  0.000173  0.013166  0.000000
   -4.050000  0.000179  0.013367  0.000000
   -4.040000  0.000184  0.013572  0.000000
   -4.030000  0.000190  0.013781  0.000000
   -4.020000  0.000196  0.013994  0.000000
   -4.010000  0.000202  0.014210  0.000000
   -4.000000  0.000208  0.014430  0.000000
   -3.990000  0.000215  0.014654  0.000000
   -3.980000  0.000221  0.014882  0.000000
   -3.970000  0.000228  0.015114  0.000000
   -3.960000  0.000236  0.015350  0.000000
   -3.950000  0.000243  0.015590  0.000000
   -3.940000  0.000251  0.015835  0.000000
   -3.930000  0.000259  0.016085  0.000000
   -3.920000  0.000267  0.016339  0.000000
   -3.910000  0.000275  0.016597  0.000000
   -3.900000  0.000284  0.016860  0.000000
   -3.890000  0.000293  0.017127  0.000000
   -3.880000  0.000303  0.017398  0.000000
   -3.870000  0.000312  0.017675  0.000000
   -3.860000  0.000322  0.017956  0.000000
   -3.850000  0.000333  0.018242  0.000000
   -3.840000  0.000343  0.018534  0.000000
   -3.830000  0.000355  0.018830  0.000000
   -3.820000  0.000366  0.019132  0.000000
   -3.810000  0.000378  0.019440  0.000000
   -3.800000  0.000390  0.019752  0.000000
   -3.790000  0.000403  0.020069  0.000000
   -3.780000  0.000416  0.020392  0.000000
   -3.770000  0.000429  0.020721  0.000000
   -3.760000  0.000443  0.021055  0.000000
   -3.750000  0.000458  0.021395  0.000000
   -3.740000  0.000473  0.021741  0.000000
   -3.730000  0.000488  0.022093  0.000000
   -3.720000  0.000504  0.022452  0.000000
   -3.710000  0.000521  0.022816  0.000000
   -3.700000  0.000538  0.023187  0.000000
   -3.690000  0.000555  0.023564  0.000000
   -3.680000  0.000573  0.023947  0.000000
   -3.670000  0.000592  0.024336  0.000000
   -3.660000  0.000612  0.024732  0.000000
   -3.650000  0.000632  0.025136  0.000000
   -3.640000  0.000653  0.025546  0.000000
   -3.630000  0.000674  0.025963  0.000000
   -3.620000  0.000696  0.026388  0.000000
   -3.610000  0.000719  0.026820  0.000000
   -3.600000  0.000743  0.027259  0.000000
   -3.590000  0.000768  0.027705  0.000000
   -3.580000  0.000793  0.028159  0.000000
   -3.570000  0.000819  0.028620  0.000000
   -3.560000  0.000846  0.029089  0.000000
   -3.550000  0.000874  0.029567  0.000000
   -3.540000  0.000903  0.030052  0.000000
   -3.530000  0.000933  0.030547  0.000000
   -3.520000  0.000964  0.031049  0.000000
   -3.510000  0.000996  0.031560  0.000000
   -3.500000  0.001029  0.032080  0.000000
   -3.490000  0.001063  0.032608  0.000000
   -3.480000  0.001099  0.033145  0.000000
   -3.470000  0.001135  0.033690  0.000000
   -3.460000  0.001173  0.034245  0.000000
   -3.450000  0.001212  0.034810  0.000000
   -3.440000  0.001252  0.035385  0.000000
   -3.430000  0.001294  0.035969  0.000000
   -3.420000  0.001337  0.036563  0.000000
   -3.410000  0.001381  0.037168  0.000000
   -3.400000  0.001427  0.037782  0.000000
   -3.390000  0.001475  0.038406  0.000000
   -3.380000  0.001524  0.039041  0.000000
   -3.370000  0.001575  0.039686  0.000000
   -3.360000  0.001628  0.040342  0.000000
   -3.350000  0.001682  0.041010  0.000000
   -3.340000  0.001738  0.041689  0.000000
   -3.330000  0.001796  0.042380  0.000000
   -3.320000  0.001856  0.043082  0.000000
   -3.310000  0.001918  0.043796  0.000000
   -3.300000  0.001982  0.044522  0.000000
   -3.290000  0.002048  0.045260  0.000000
   -3.280000  0.002117  0.046010  0.000000
   -3.270000  0.002188  0.046772  0.000000
   -3.260000  0.002261  0.047548  0.000000
   -3.250000  0.002336  0.048336  0.000000
   -3.240000  0.002415  0.049139  0.000000
   -3.230000  0.002495  0.049955  0.000000
   -3.220000  0.002579  0.050784  0.000000
   -3.210000  0.002665  0.051628  0.000000
   -3.200000  0.002755  0.052485  0.000000
   -3.190000  0.002847  0.053357  0.000000
   -3.180000  0.002942  0.054243  0.000000
   -3.170000  0.003041  0.055143  0.000000
   -3.160000  0.003143  0.056059  0.000000
   -3.150000  0.003248  0.056991  0.000000
   -3.140000  0.003357  0.057938  0.000000
   -3.130000  0.003469  0.058902  0.000000
   -3.120000  0.003586  0.059882  0.000000
   -3.110000  0.003706  0.060878  0.000000
   -3.100000  0.003830  0.061891  0.000000
   -3.090000  0.003959  0.062920  0.000000
   -3.080000  0.004092  0.063966  0.000000
   -3.070000  0.004229  0.065029  0.000000
   -3.060000  0.004371  0.066111  0.000000
   -3.050000  0.004517  0.067210  0.000000
   -3.040000  0.004669  0.068329  0.000000
   -3.030000  0.004826  0.069467  0.000000
   -3.020000  0.004988  0.070624  0.000000
   -3.010000  0.005155  0.071800  0.000000
   -3.000000  0.005328  0.072996  0.000000
   -2.990000  0.005507  0.074211  0.000000
   -2.980000  0.005692  0.075446  0.000000
   -2.970000  0.005883  0.076702 -0.000000
   -2.960000  0.006081  0.077978 -0.000000
   -2.950000  0.006285  0.079277 -0.000000
   -2.940000  0.006496  0.080598 -0.000000
   -2.930000  0.006714  0.081941 -0.000000
   -2.920000  0.006940  0.083307 -0.000000
   -2.910000  0.007173  0.084696 -0.000000
   -2.900000  0.007414  0.086107 -0.000000
   -2.890000  0.007663  0.087541 -0.000000
   -2.880000  0.007921  0.088999 -0.000000
   -2.870000  0.008187  0.090481 -0.000000
   -2.860000  0.008462  0.091988 -0.000000
   -2.850000  0.008746  0.093521 -0.000000
   -2.840000  0.009040  0.095080 -0.000000
   -2.830000  0.009344  0.096666 -0.000000
   -2.820000  0.009659  0.098278 -0.000000
   -2.810000  0.009984  0.099918 -0.000000
   -2.800000  0.010319  0.101583 -0.000000
   -2.790000  0.010666  0.103276 -0.000000
   -2.780000  0.011024  0.104997 -0.000000
   -2.770000  0.011395  0.106746 -0.000000
   -2.760000  0.011778  0.108525 -0.000000
   -2.750000  0.012174  0.110334 -0.000000
   -2.740000  0.012583  0.112174 -0.000000
   -2.730000  0.013007  0.114046 -0.000000
   -2.720000  0.013444  0.115950 -0.000000
   -2.710000  0.013897  0.117885 -0.000000
   -2.700000  0.014364  0.119851 -0.000000
   -2.690000  0.014847  0.121849 -0.000000
   -2.680000  0.015346  0.123879 -0.000000
   -2.670000  0.015862  0.125943 -0.000000
   -2.660000  0.016395  0.128042 -0.000000
   -2.650000  0.016946  0.130178 -0.000000
   -2.640000  0.017517  0.132350 -0.000000
   -2.630000  0.018107  0.134560 -0.000000
   -2.620000  0.018716  0.136808 -0.000000
   -2.610000  0.019347  0.139092 -0.000000
   -2.600000  0.019998  0.141413 -0.000000
   -2.590000  0.020670  0.143769 -0.000000
   -2.580000  0.021364  0.146164 -0.000000
   -2.570000  0.022081  0.148598 -0.000000
   -2.560000  0.022823  0.151074 -0.000000
   -2.550000  0.023591  0.153595 -0.000000
   -2.540000  0.024387  0.156163 -0.000000
   -2.530000  0.025210  0.158777 -0.000000
   -2.520000  0.026061  0.161434 -0.000000
   -2.510000  0.026938  0.164128 -0.000000
   -2.500000  0.027839  0.166852 -0.000000
   -2.490000  0.028763  0.169596 -0.000000
   -2.480000  0.029705  0.172351 -0.000000
   -2.470000  0.030663  0.175108  0.000000
   -2.460000  0.031635  0.177862  0.000000
   -2.450000  0.032619  0.180608  0.000000
   -2.440000  0.033615  0.183345  0.000000
   -2.430000  0.034623  0.186074  0.000000
   -2.420000  0.035644  0.188796  0.000000
   -2.410000  0.036677  0.191514  0.000000
   -2.400000  0.037724  0.194228  0.000000
   -2.390000  0.038785  0.196940  0.000000
   -2.380000  0.039859  0.199648  0.000000
   -2.370000  0.040947  0.202353  0.000000
   -2.360000  0.042046  0.205051  0.000000
   -2.350000  0.043157  0.207743  0.000000
   -2.340000  0.044280  0.210429  0.000000
   -2.330000  0.045415  0.213107  0.000000
   -2.320000  0.046561  0.215779  0.000000
   -2.310000  0.047719  0.218446  0.000000
   -2.300000  0.048889  0.221109  0.000000
   -2.290000  0.050071  0.223766  0.000000
   -2.280000  0.051266  0.226419  0.000000
   -2.270000  0.052472  0.229067  0.000000
   -2.260000  0.053689  0.231708  0.000000
   -2.250000  0.054917  0.234343  0.000000
   -2.240000  0.056155  0.236971  0.000000
   -2.230000  0.057404  0.239591  0.000000
   -2.220000  0.058663  0.242205  0.000000
   -2.210000  0.059934  0.244813  0.000000
   -2.200000  0.061215  0.247416  0.000000
   -2.190000  0.062506  0.250012  0.000000
   -2.180000  0.063808  0.252603  0.000000
   -2.170000  0.065121  0.255188  0.000000
   -2.160000  0.066443  0.257766  0.000000
   -2.150000  0.067775  0.260336  0.000000
   -2.140000  0.069116  0.262900  0.000000
   -2.130000  0.070467  0.265455  0.000000
   -2.120000  0.071826  0.268004  0.000000
   -2.110000  0.073195  0.270546  0.000000
   -2.100000  0.074573  0.273081  0.000000
   -2.090000  0.075961  0.275610  0.000000
   -2.080000  0.077358  0.278133  0.000000
   -2.070000  0.078763  0.280648  0.000000
   -2.060000  0.080177  0.283156  0.000000
   -2.050000  0.081599  0.285656  0.000000
   -2.040000  0.083029  0.288148  0.000000
   -2.030000  0.084467  0.290632  0.000000
   -2.020000  0.085913  0.293109  0.000000
   -2.010000  0.087366  0.295578  0.000000
   -2.000000  0.088828  0.298040  0.000000
   -1.990000  0.090297  0.300494  0.000000
   -1.980000  0.091774  0.302941  0.000000
   -1.970000  0.093258  0.305381  0.000000
   -1.960000  0.094749  0.307812  0.000000
   -1.950000  0.096246  0.310236  0.000000
   -1.940000  0.097750  0.312650  0.000000
   -1.930000  0.099261  0.315057  0.000000
   -1.920000  0.100777  0.317454  0.000000
   -1.910000  0.102300  0.319844  0.000000
   -1.900000  0.103830  0.322226  0.000000
   -1.890000  0.105365  0.324600  0.000000
   -1.880000  0.106907  0.326966  0.000000
   -1.870000  0.108454  0.329323  0.000000
   -1.860000  0.110006  0.331672  0.000000
   -1.850000  0.111564  0.334012  0.000000
   -1.840000  0.113127  0.336343  0.000000
   -1.830000  0.114694  0.338665  0.000000
   -1.820000  0.116266  0.340978  0.000000
   -1.810000  0.117843  0.343282  0.000000
   -1.800000  0.119424  0.345578  0.000000
   -1.790000  0.121010  0.347865  0.000000
   -1.780000  0.122600  0.350143  0.000000
   -1.770000  0.124195  0.352413  0.000000
   -1.760000  0.125793  0.354673  0.000000
   -1.750000  0.127394  0.356923  0.000000
   -1.740000  0.128999  0.359165  0.000000
   -1.730000  0.130607  0.361396  0.000000
   -1.720000  0.132218  0.363618  0.000000
   -1.710000  0.133832  0.365831  0.000000
   -1.700000  0.135449  0.368034  0.000000
   -1.690000  0.137069  0.370229  0.000000
   -1.680000  0.138692  0.372414  0.000000
   -1.670000  0.140317  0.374589  0.000000
   -1.660000  0.141944  0.376755  0.000000
   -1.650000  0.143573  0.378910  0.000000
   -1.640000  0.145204  0.381056  0.000000
   -1.630000  0.146836  0.383191  0.000000
   -1.620000  0.148469  0.385317  0.000000
   -1.610000  0.150104  0.387432  0.000000
   -1.600000  0.151740  0.389538  0.000000
   -1.590000  0.153377  0.391634  0.000000
   -1.580000  0.155015  0.393720  0.000000
   -1.570000  0.156654  0.395796  0.000000
   -1.560000  0.158294  0.397861  0.000000
   -1.550000  0.159933  0.399916  0.000000
   -1.540000  0.161572  0.401961  0.000000
   -1.530000  0.163211  0.403994  0.000000
   -1.520000  0.164850  0.406017  0.000000
   -1.510000  0.166489  0.408030  0.000000
   -1.500000  0.168127  0.410033  0.000000
   -1.490000  0.169764  0.412025  0.000000
   -1.480000  0.171401  0.414006  0.000000
   -1.470000  0.173037  0.415977  0.000000
   -1.460000  0.174671  0.417937  0.000000
   -1.450000  0.176304  0.419886  0.000000
   -1.440000  0.177936  0.421824  0.000000
   -1.430000  0.179565  0.423751  0.000000
   -1.420000  0.181192  0.425667  0.000000
   -1.410000  0.182817  0.427571  0.000000
   -1.400000  0.184440  0.429465  0.000000
   -1.390000  0.186061  0.431348  0.000000
   -1.380000  0.187680  0.433220  0.000000
   -1.370000  0.189296  0.435081  0.000000
   -1.360000  0.190908  0.436931  0.000000
   -1.350000  0.192518  0.438769  0.000000
   -1.340000  0.194124  0.440595  0.000000
   -1.330000  0.195727  0.442410  0.000000
   -1.320000  0.197326  0.444213  0.000000
   -1.310000  0.198921  0.446005  0.000000
   -1.300000  0.200512  0.447786  0.000000
   -1.290000  0.202100  0.449555  0.000000
   -1.280000  0.203683  0.451312  0.000000
   -1.270000  0.205262  0.453059  0.000000
   -1.260000  0.206836  0.454793  0.000000
   -1.250000  0.208406  0.456515  0.000000
   -1.240000  0.209970  0.458225  0.000000
   -1.230000  0.211530  0.459923  0.000000
   -1.220000  0.213083  0.461610  0.000000
   -1.210000  0.214632  0.463284  0.000000
   -1.200000  0.216175  0.464946  0.000000
   -1.190000  0.217713  0.466597  0.000000
   -1.180000  0.219245  0.468236  0.000000
   -1.170000  0.220771  0.469862  0.000000
   -1.160000  0.222291  0.471477  0.000000
   -1.150000  0.223804  0.473079  0.000000
   -1.140000  0.225310  0.474669  0.000000
   -1.130000  0.226810  0.476246  0.000000
   -1.120000  0.228303  0.477810  0.000000
   -1.110000  0.229789  0.479363  0.000000
   -1.100000  0.231268  0.480903  0.000000
   -1.090000  0.232740  0.482431  0.000000
   -1.080000  0.234204  0.483946  0.000000
   -1.070000  0.235661  0.485450  0.000000
   -1.060000  0.237111  0.486940  0.000000
   -1.050000  0.238552  0.488418  0.000000
   -1.040000  0.239985  0.489883  0.000000
   -1.030000  0.241410  0.491335  0.000000
   -1.020000  0.242826  0.492774  0.000000
   -1.010000  0.244234  0.494200  0.000000
   -1.000000  0.245633  0.495614  0.000000
   -0.990000  0.247024  0.497015  0.000000
   -0.980000  0.248406  0.498404  0.000000
   -0.970000  0.249779  0.499779  0.000000
   -0.960000  0.251143  0.501142  0.000000
   -0.950000  0.252498  0.502492  0.000000
   -0.940000  0.253843  0.503828  0.000000
   -0.930000  0.255177  0.505151  0.000000
   -0.920000  0.256503  0.506461  0.000000
   -0.910000  0.257818  0.507758  0.000000
   -0.900000  0.259123  0.509042  0.000000
   -0.890000  0.260419  0.510313  0.000000
   -0.880000  0.261704  0.511570  0.000000
   -0.870000  0.262979  0.512815  0.000000
   -0.860000  0.264244  0.514046  0.000000
   -0.850000  0.265497  0.515264  0.000000
   -0.840000  0.266740  0.516468  0.000000
   -0.830000  0.267971  0.517659  0.000000
   -0.820000  0.269191  0.518836  0.000000
   -0.810000  0.270400  0.520000  0.000000
   -0.800000  0.271598  0.521151  0.000000
   -0.790000  0.272785  0.522288  0.000000
   -0.780000  0.273960  0.523412  0.000000
   -0.770000  0.275124  0.524522  0.000000
   -0.760000  0.276275  0.525619  0.000000
   -0.750000  0.277415  0.526702  0.000000
   -0.740000  0.278542  0.527771  0.000000
   -0.730000  0.279657  0.528827  0.000000
   -0.720000  0.280760  0.529868  0.000000
   -0.710000  0.281851  0.530896  0.000000
   -0.700000  0.282929  0.531910  0.000000
   -0.690000  0.283994  0.532911  0.000000
   -0.680000  0.285047  0.533898  0.000000
   -0.670000  0.286087  0.534871  0.000000
   -0.660000  0.287114  0.535831  0.000000
   -0.650000  0.288128  0.536776  0.000000
   -0.640000  0.289129  0.537707  0.000000
   -0.630000  0.290116  0.538624  0.000000
   -0.620000  0.291090  0.539528  0.000000
   -0.610000  0.292050  0.540417  0.000000
   -0.600000  0.292997  0.541292  0.000000
   -0.590000  0.293931  0.542154  0.000000
   -0.580000  0.294850  0.543001  0.000000
   -0.570000  0.295756  0.543835  0.000000
   -0.560000  0.296648  0.544654  0.000000
   -0.550000  0.297526  0.545460  0.000000
   -0.540000  0.298390  0.546251  0.000000
   -0.530000  0.299239  0.547027  0.000000
   -0.520000  0.300074  0.547790  0.000000
   -0.510000  0.300894  0.548538  0.000000
   -0.500000  0.301700  0.549272  0.000000
   -0.490000  0.302492  0.549992  0.000000
   -0.480000  0.303269  0.550698  0.000000
   -0.470000  0.304031  0.551390  0.000000
   -0.460000  0.304779  0.552068  0.000000
   -0.450000  0.305511  0.552731  0.000000
   -0.440000  0.306229  0.553379  0.000000
   -0.430000  0.306931  0.554013  0.000000
   -0.420000  0.307618  0.554633  0.000000
   -0.410000  0.308290  0.555239  0.000000
   -0.400000  0.308947  0.555830  0.000000
   -0.390000  0.309588  0.556407  0.000000
   -0.380000  0.310215  0.556969  0.000000
   -0.370000  0.310826  0.557517  0.000000
   -0.360000  0.311421  0.558051  0.000000
   -0.350000  0.312001  0.558570  0.000000
   -0.340000  0.312565  0.559075  0.000000
   -0.330000  0.313113  0.559565  0.000000
   -0.320000  0.313645  0.560040  0.000000
   -0.310000  0.314162  0.560501  0.000000
   -0.300000  0.314662  0.560948  0.000000
   -0.290000  0.315147  0.561380  0.000000
   -0.280000  0.315616  0.561798  0.000000
   -0.270000  0.316070  0.562201  0.000000
   -0.260000  0.316507  0.562589  0.000000
   -0.250000  0.316928  0.562963  0.000000
   -0.240000  0.317332  0.563323  0.000000
   -0.230000  0.317720  0.563667  0.000000
   -0.220000  0.318092  0.563997  0.000000
   -0.210000  0.318448  0.564312  0.000000
   -0.200000  0.318788  0.564613  0.000000
   -0.190000  0.319111  0.564899  0.000000
   -0.180000  0.319418  0.565171  0.000000
   -0.170000  0.319709  0.565428  0.000000
   -0.160000  0.319983  0.565671  0.000000
   -0.150000  0.320241  0.565898  0.000000
   -0.140000  0.320482  0.566111  0.000000
   -0.130000  0.320706  0.566309  0.000000
   -0.120000  0.320914  0.566493  0.000000
   -0.110000  0.321105  0.566662  0.000000
   -0.100000  0.321280  0.566816  0.000000
   -0.090000  0.321438  0.566955  0.000000
   -0.080000  0.321580  0.567081  0.000000
   -0.070000  0.321706  0.567191  0.000000
   -0.060000  0.321814  0.567287  0.000000
   -0.050000  0.321906  0.567368  0.000000
   -0.040000  0.321981  0.567434  0.000000
   -0.030000  0.322039  0.567485  0.000000
   -0.020000  0.322081  0.567522  0.000000
   -0.010000  0.322106  0.567543  0.000000
    0.000000  0.322114  0.567551  0.000000
    0.010000  0.322106  0.567543 -0.000000
    0.020000  0.322081  0.567522 -0.000000
    0.030000  0.322039  0.567485 -0.000000
    0.040000  0.321981  0.567434 -0.000000
    0.050000  0.321906  0.567368 -0.000000
    0.060000  0.321814  0.567287 -0.000000
    0.070000  0.321706  0.567191 -0.000000
    0.080000  0.321580  0.567081 -0.000000
    0.090000  0.321438  0.566955 -0.000000
    0.100000  0.321280  0.566816 -0.000000
    0.110000  0.321105  0.566662 -0.000000
    0.120000  0.320914  0.566493 -0.000000
    0.130000  0.320706  0.566309 -0.000000
    0.140000  0.320482  0.566111 -0.000000
    0.150000  0.320241  0.565898 -0.000000
    0.160000  0.319983  0.565671 -0.000000
    0.170000  0.319709  0.565428 -0.000000
    0.180000  0.319418  0.565171 -0.000000
    0.190000  0.319111  0.564899 -0.000000
    0.200000  0.318788  0.564613 -0.000000
    0.210000  0.318448  0.564312 -0.000000
    0.220000  0.318092  0.563997 -0.000000
    0.230000  0.317720  0.563667 -0.000000
    0.240000  0.317332  0.563323 -0.000000
    0.250000  0.316928  0.562963 -0.000000
    0.260000  0.316507  0.562589 -0.000000
    0.270000  0.316070  0.562201 -0.000000
    0.280000  0.315616  0.561798 -0.000000
    0.290000  0.315147  0.561380 -0.000000
    0.300000  0.314662  0.560948 -0.000000
    0.310000  0.314162  0.560501 -0.000000
    0.320000  0.313645  0.560040 -0.000000
    0.330000  0.313113  0.559565 -0.000000
    0.340000  0.312565  0.559075 -0.000000
    0.350000  0.312001  0.558570 -0.000000
    0.360000  0.311421  0.558051 -0.000000
    0.370000  0.310826  0.557517 -0.000000
    0.380000  0.310215  0.556969 -0.000000
    0.390000  0.309588  0.556407 -0.000000
    0.400000  0.308947  0.555830 -0.000000
    0.410000  0.308290  0.555239 -0.000000
    0.420000  0.307618  0.554633 -0.000000
    0.430000  0.306931  0.554013 -0.000000
    0.440000  0.306229  0.553379 -0.000000
    0.450000  0.305511  0.552731 -0.000000
    0.460000  0.304779  0.552068 -0.000000
    0.470000  0.304031  0.551390 -0.000000
    0.480000  0.303269  0.550698 -0.000000
    0.490000  0.302492  0.549992 -0.000000
    0.500000  0.301700  0.549272 -0.000000
    0.510000  0.300894  0.548538 -0.000000
    0.520000  0.300074  0.547790 -0.000000
    0.530000  0.299239  0.547027 -0.000000
    0.540000  0.298390  0.546251 -0.000000
    0.550000  0.297526  0.545460 -0.000000
    0.560000  0.296648  0.544654 -0.000000
    0.570000  0.295756  0.543835 -0.000000
    0.580000  0.294850  0.543001 -0.000000
    0.590000  0.293931  0.542154 -0.000000
    0.600000  0.292997  0.541292 -0.000000
    0.610000  0.292050  0.540417 -0.000000
    0.620000  0.291090  0.539528 -0.000000
    0.630000  0.290116  0.538624 -0.000000
    0.640000  0.289129  0.537707 -0.000000
    0.650000  0.288128  0.536776 -0.000000
    0.660000  0.287114  0.535831 -0.000000
    0.670000  0.286087  0.534871 -0.000000
    0.680000  0.285047  0.533898 -0.000000
    0.690000  0.283994  0.532911 -0.000000
    0.700000  0.282929  0.531910 -0.000000
    0.710000  0.281851  0.530896 -0.000000
    0.720000  0.280760  0.529868 -0.000000
    0.730000  0.279657  0.528827 -0.000000
    0.740000  0.278542  0.527771 -0.000000
    0.750000  0.277415  0.526702 -0.000000
    0.760000  0.276275  0.525619 -0.000000
    0.770000  0.275124  0.524522 -0.000000
    0.780000  0.273960  0.523412 -0.000000
    0.790000  0.272785  0.522288 -0.000000
    0.800000  0.271598  0.521151 -0.000000
    0.810000  0.270400  0.520000 -0.000000
    0.820000  0.269191  0.518836 -0.000000
    0.830000  0.267971  0.517659 -0.000000
    0.840000  0.266740  0.516468 -0.000000
    0.850000  0.265497  0.515264 -0.000000
    0.860000  0.264244  0.514046 -0.000000
    0.870000  0.262979  0.512815 -0.000000
    0.880000  0.261704  0.511570 -0.000000
    0.890000  0.260419  0.510313 -0.000000
    0.900000  0.259123  0.509042 -0.000000
    0.910000  0.257818  0.507758 -0.000000
    0.920000  0.256503  0.506461 -0.000000
    0.930000  0.255177  0.505151 -0.000000
    0.940000  0.253843  0.503828 -0.000000
    0.950000  0.252498  0.502492 -0.000000
    0.960000  0.251143  0.501142 -0.000000
    0.970000  0.249779  0.499779 -0.000000
    0.980000  0.248406  0.498404 -0.000000
    0.990000  0.247024  0.497015 -0.000000
    1.000000  0.245633  0.495614 -0.000000
    1.010000  0.244234  0.494200 -0.000000
    1.020000  0.242826  0.492774 -0.000000
    1.030000  0.241410  0.491335 -0.000000
    1.040000  0.239985  0.489883 -0.000000
    1.050000  0.238552  0.488418 -0.000000
    1.060000  0.237111  0.486940 -0.000000
    1.070000  0.235661  0.485450 -0.000000
    1.080000  0.234204  0.483946 -0.000000
    1.090000  0.232740  0.482431 -0.000000
    1.100000  0.231268  0.480903 -0.000000
    1.110000  0.229789  0.479363 -0.000000
    1.120000  0.228303  0.477810 -0.000000
    1.130000  0.226810  0.476246 -0.000000
    1.140000  0.225310  0.474669 -0.000000
    1.150000  0.223804  0.473079 -0.000000
    1.160000  0.222291  0.471477 -0.000000
    1.170000  0.220771  0.469862 -0.000000
    1.180000  0.219245  0.468236 -0.000000
    1.190000  0.217713  0.466597 -0.000000
    1.200000  0.216175  0.464946 -0.000000
    1.210000  0.214632  0.463284 -0.000000
    1.220000  0.213083  0.461610 -0.000000
    1.230000  0.211530  0.459923 -0.000000
    1.240000  0.209970  0.458225 -0.000000
    1.250000  0.208406  0.456515 -0.000000
    1.260000  0.206836  0.454793 -0.000000
    1.270000  0.205262  0.453059 -0.000000
    1.280000  0.203683  0.451312 -0.000000
    1.290000  0.202100  0.449555 -0.000000
    1.300000  0.200512  0.447786 -0.000000
    1.310000  0.198921  0.446005 -0.000000
    1.320000  0.197326  0.444213 -0.000000
    1.330000  0.195727  0.442410 -0.000000
    1.340000  0.194124  0.440595 -0.000000
    1.350000  0.192518  0.438769 -0.000000
    1.360000  0.190908  0.436931 -0.000000
    1.370000  0.189296  0.435081 -0.000000
    1.380000  0.187680  0.433220 -0.000000
    1.390000  0.186061  0.431348 -0.000000
    1.400000  0.184440  0.429465 -0.000000
    1.410000  0.182817  0.427571 -0.000000
    1.420000  0.181192  0.425667 -0.000000
    1.430000  0.179565  0.423751 -0.000000
    1.440000  0.177936  0.421824 -0.000000
    1.450000  0.176304  0.419886 -0.000000
    1.460000  0.174671  0.417937 -0.000000
    1.470000  0.173037  0.415977 -0.000000
    1.480000  0.171401  0.414006 -0.000000
    1.490000  0.169764  0.412025 -0.000000
    1.500000  0.168127  0.410033 -0.000000
    1.510000  0.166489  0.408030 -0.000000
    1.520000  0.164850  0.406017 -0.000000
    1.530000  0.163211  0.403994 -0.000000
    1.540000  0.161572  0.401961 -0.000000
    1.550000  0.159933  0.399916 -0.000000
    1.560000  0.158294  0.397861 -0.000000
    1.570000  0.156654  0.395796 -0.000000
    1.580000  0.155015  0.393720 -0.000000
    1.590000  0.153377  0.391634 -0.000000
    1.600000  0.151740  0.389538 -0.000000
    1.610000  0.150104  0.387432 -0.000000
    1.620000  0.148469  0.385317 -0.000000
    1.630000  0.146836  0.383191 -0.000000
    1.640000  0.145204  0.381056 -0.000000
    1.650000  0.143573  0.378910 -0.000000
    1.660000  0.141944  0.376755 -0.000000
    1.670000  0.140317  0.374589 -0.000000
    1.680000  0.138692  0.372414 -0.000000
    1.690000  0.137069  0.370229 -0.000000
    1.700000  0.135449  0.368034 -0.000000
    1.710000  0.133832  0.365831 -0.000000
    1.720000  0.132218  0.363618 -0.000000
    1.730000  0.130607  0.361396 -0.000000
    1.740000  0.128999  0.359165 -0.000000
    1.750000  0.127394  0.356923 -0.000000
    1.760000  0.125793  0.354673 -0.000000
    1.770000  0.124195  0.352413 -0.000000
    1.780000  0.122600  0.350143 -0.000000
    1.790000  0.121010  0.347865 -0.000000
    1.800000  0.119424  0.345578 -0.000000
    1.810000  0.117843  0.343282 -0.000000
    1.820000  0.116266  0.340978 -0.000000
    1.830000  0.114694  0.338665 -0.000000
    1.840000  0.113127  0.336343 -0.000000
    1.850000  0.111564  0.334012 -0.000000
    1.860000  0.110006  0.331672 -0.000000
    1.870000  0.108454  0.329323 -0.000000
    1.880000  0.106907  0.326966 -0.000000
    1.890000  0.105365  0.324600 -0.000000
    1.900000  0.103830  0.322226 -0.000000
    1.910000  0.102300  0.319844 -0.000000
    1.920000  0.100777  0.317454 -0.000000
    1.930000  0.099261  0.315057 -0.000000
    1.940000  0.097750  0.312650 -0.000000
    1.950000  0.096246  0.310236 -0.000000
    1.960000  0.094749  0.307812 -0.000000
    1.970000  0.093258  0.305381 -0.000000
    1.980000  0.091774  0.302941 -0.000000
    1.990000  0.090297  0.300494 -0.000000
    2.000000  0.088828  0.298040 -0.000000
    2.010000  0.087366  0.295578 -0.000000
    2.020000  0.085913  0.293109 -0.000000
    2.030000  0.084467  0.290632 -0.000000
    2.040000  0.083029  0.288148 -0.000000
    2.050000  0.081599  0.285656 -0.000000
    2.060000  0.080177  0.283156 -0.000000
    2.070000  0.078763  0.280648 -0.000000
    2.080000  0.077358  0.278133 -0.000000
    2.090000  0.075961  0.275610 -0.000000
    2.100000  0.074573  0.273081 -0.000000
    2.110000  0.073195  0.270546 -0.000000
    2.120000  0.071826  0.268004 -0.000000
    2.130000  0.070467  0.265455 -0.000000
    2.140000  0.069116  0.262900 -0.000000
    2.150000  0.067775  0.260336 -0.000000
    2.160000  0.066443  0.257766 -0.000000
    2.170000  0.065121  0.255188 -0.000000
    2.180000  0.063808  0.252603 -0.000000
    2.190000  0.062506  0.250012 -0.000000
    2.200000  0.061215  0.247416 -0.000000
    2.210000  0.059934  0.244813 -0.000000
    2.220000  0.058663  0.242205 -0.000000
    2.230000  0.057404  0.239591 -0.000000
    2.240000  0.056155  0.236971 -0.000000
    2.250000  0.054917  0.234343 -0.000000
    2.260000  0.053689  0.231708 -0.000000
    2.270000  0.052472  0.229067 -0.000000
    2.280000  0.051266  0.226419 -0.000000
    2.290000  0.050071  0.223766 -0.000000
    2.300000  0.048889  0.221109 -0.000000
    2.310000  0.047719  0.218446 -0.000000
    2.320000  0.046561  0.215779 -0.000000
    2.330000  0.045415  0.213107 -0.000000
    2.340000  0.044280  0.210429 -0.000000
    2.350000  0.043157  0.207743 -0.000000
    2.360000  0.042046  0.205051 -0.000000
    2.370000  0.040947  0.202353 -0.000000
    2.380000  0.039859  0.199648 -0.000000
    2.390000  0.038785  0.196940 -0.000000
    2.400000  0.037724  0.194228 -0.000000
    2.410000  0.036677  0.191514 -0.000000
    2.420000  0.035644  0.188796 -0.000000
    2.430000  0.034623  0.186074 -0.000000
    2.440000  0.033615  0.183345 -0.000000
    2.450000  0.032619  0.180608 -0.000000
    2.460000  0.031635  0.177862 -0.000000
    2.470000  0.030663  0.175108 -0.000000
    2.480000  0.029705  0.172351  0.000000
    2.490000  0.028763  0.169596  0.000000
    2.500000  0.027839  0.166852  0.000000
    2.510000  0.026938  0.164128  0.000000
    2.520000  0.026061  0.161434  0.000000
    2.530000  0.025210  0.158777  0.000000
    2.540000  0.024387  0.156163  0.000000
    2.550000  0.023591  0.153595  0.000000
    2.560000  0.022823  0.151074  0.000000
    2.570000  0.022081  0.148598  0.000000
    2.580000  0.021364  0.146164  0.000000
    2.590000  0.020670  0.143769  0.000000
    2.600000  0.019998  0.141413  0.000000
    2.610000  0.019347  0.139092  0.000000
    2.620000  0.018716  0.136808  0.000000
    2.630000  0.018107  0.134560  0.000000
    2.640000  0.017517  0.132350  0.000000
    2.650000  0.016946  0.130178  0.000000
    2.660000  0.016395  0.128042  0.000000
    2.670000  0.015862  0.125943  0.000000
    2.680000  0.015346  0.123879  0.000000
    2.690000  0.014847  0.121849  0.000000
    2.700000  0.014364  0.119851  0.000000
    2.710000  0.013897  0.117885  0.000000
    2.720000  0.013444  0.115950  0.000000
    2.730000  0.013007  0.114046  0.000000
    2.740000  0.012583  0.112174  0.000000
    2.750000  0.012174  0.110334  0.000000
    2.760000  0.011778  0.108525  0.000000
    2.770000  0.011395  0.106746  0.000000
    2.780000  0.011024  0.104997  0.000000
    2.790000  0.010666  0.103276  0.000000
    2.800000  0.010319  0.101583  0.000000
    2.810000  0.009984  0.099918  0.000000
    2.820000  0.009659  0.098278  0.000000
    2.830000  0.009344  0.096666  0.000000
    2.840000  0.009040  0.095080  0.000000
    2.850000  0.008746  0.093521  0.000000
    2.860000  0.008462  0.091988  0.000000
    2.870000  0.008187  0.090481  0.000000
    2.880000  0.007921  0.088999  0.000000
    2.890000  0.007663  0.087541  0.000000
    2.900000  0.007414  0.086107  0.000000
    2.910000  0.007173  0.084696  0.000000
    2.920000  0.006940  0.083307  0.000000
    2.930000  0.006714  0.081941  0.000000
    2.940000  0.006496  0.080598  0.000000
    2.950000  0.006285  0.079277  0.000000
    2.960000  0.006081  0.077978  0.000000
    2.970000  0.005883  0.076702  0.000000
    2.980000  0.005692  0.075446 -0.000000
    2.990000  0.005507  0.074211 -0.000000
    3.000000  0.005328  0.072996 -0.000000
    3.010000  0.005155  0.071800 -0.000000
    3.020000  0.004988  0.070624 -0.000000
    3.030000  0.004826  0.069467 -0.000000
    3.040000  0.004669  0.068329 -0.000000
    3.050000  0.004517  0.067210 -0.000000
    3.060000  0.004371  0.066111 -0.000000
    3.070000  0.004229  0.065029 -0.000000
    3.080000  0.004092  0.063966 -0.000000
    3.090000  0.003959  0.062920 -0.000000
    3.100000  0.003830  0.061891 -0.000000
    3.110000  0.003706  0.060878 -0.000000
    3.120000  0.003586  0.059882 -0.000000
    3.130000  0.003469  0.058902 -0.000000
    3.140000  0.003357  0.057938 -0.000000
    3.150000  0.003248  0.056991 -0.000000
    3.160000  0.003143  0.056059 -0.000000
    3.170000  0.003041  0.055143 -0.000000
    3.180000  0.002942  0.054243 -0.000000
    3.190000  0.002847  0.053357 -0.000000
    3.200000  0.002755  0.052485 -0.000000
    3.210000  0.002665  0.051628 -0.000000
    3.220000  0.002579  0.050784 -0.000000
    3.230000  0.002495  0.049955 -0.000000
    3.240000  0.002415  0.049139 -0.000000
    3.250000  0.002336  0.048336 -0.000000
    3.260000  0.002261  0.047548 -0.000000
    3.270000  0.002188  0.046772 -0.000000
    3.280000  0.002117  0.046010 -0.000000
    3.290000  0.002048  0.045260 -0.000000
    3.300000  0.001982  0.044522 -0.000000
    3.310000  0.001918  0.043796 -0.000000
    3.320000  0.001856  0.043082 -0.000000
    3.330000  0.001796  0.042380 -0.000000
    3.340000  0.001738  0.041689 -0.000000
    3.350000  0.001682  0.041010 -0.000000
    3.360000  0.001628  0.040342 -0.000000
    3.370000  0.001575  0.039686 -0.000000
    3.380000  0.001524  0.039041 -0.000000
    3.390000  0.001475  0.038406 -0.000000
    3.400000  0.001427  0.037782 -0.000000
    3.410000  0.001381  0.037168 -0.000000
    3.420000  0.001337  0.036563 -0.000000
    3.430000  0.001294  0.035969 -0.000000
    3.440000  0.001252  0.035385 -0.000000
    3.450000  0.001212  0.034810 -0.000000
    3.460000  0.001173  0.034245 -0.000000
    3.470000  0.001135  0.033690 -0.000000
    3.480000  0.001099  0.033145 -0.000000
    3.490000  0.001063  0.032608 -0.000000
    3.500000  0.001029  0.032080 -0.000000
    3.510000  0.000996  0.031560 -0.000000
    3.520000  0.000964  0.031049 -0.000000
    3.530000  0.000933  0.030547 -0.000000
    3.540000  0.000903  0.030052 -0.000000
    3.550000  0.000874  0.029567 -0.000000
    3.560000  0.000846  0.029089 -0.000000
    3.570000  0.000819  0.028620 -0.000000
    3.580000  0.000793  0.028159 -0.000000
    3.590000  0.000768  0.027705 -0.000000
    3.600000  0.000743  0.027259 -0.000000
    3.610000  0.000719  0.026820 -0.000000
    3.620000  0.000696  0.026388 -0.000000
    3.630000  0.000674  0.025963 -0.000000
    3.640000  0.000653  0.025546 -0.000000
    3.650000  0.000632  0.025136 -0.000000
    3.660000  0.000612  0.024732 -0.000000
    3.670000  0.000592  0.024336 -0.000000
    3.680000  0.000573  0.023947 -0.000000
    3.690000  0.000555  0.023564 -0.000000
    3.700000  0.000538  0.023187 -0.000000
    3.710000  0.000521  0.022816 -0.000000
    3.720000  0.000504  0.022452 -0.000000
    3.730000  0.000488  0.022093 -0.000000
    3.740000  0.000473  0.021741 -0.000000
    3.750000  0.000458  0.021395 -0.000000
    3.760000  0.000443  0.021055 -0.000000
    3.770000  0.000429  0.020721 -0.000000
    3.780000  0.000416  0.020392 -0.000000
    3.790000  0.000403  0.020069 -0.000000
    3.800000  0.000390  0.019752 -0.000000
    3.810000  0.000378  0.019440 -0.000000
    3.820000  0.000366  0.019132 -0.000000
    3.830000  0.000355  0.018830 -0.000000
    3.840000  0.000343  0.018534 -0.000000
    3.850000  0.000333  0.018242 -0.000000
    3.860000  0.000322  0.017956 -0.000000
    3.870000  0.000312  0.017675 -0.000000
    3.880000  0.000303  0.017398 -0.000000
    3.890000  0.000293  0.017127 -0.000000
    3.900000  0.000284  0.016860 -0.000000
    3.910000  0.000275  0.016597 -0.000000
    3.920000  0.000267  0.016339 -0.000000
    3.930000  0.000259  0.016085 -0.000000
    3.940000  0.000251  0.015835 -0.000000
    3.950000  0.000243  0.015590 -0.000000
    3.960000  0.000236  0.015350 -0.000000
    3.970000  0.000228  0.015114 -0.000000
    3.980000  0.000221  0.014882 -0.000000
    3.990000  0.000215  0.014654 -0.000000
    4.000000  0.000208  0.014430 -0.000000
    4.010000  0.000202  0.014210 -0.000000
    4.020000  0.000196  0.013994 -0.000000
    4.030000  0.000190  0.013781 -0.000000
    4.040000  0.000184  0.013572 -0.000000
    4.050000  0.000179  0.013367 -0.000000
    4.060000  0.000173  0.013166 -0.000000
    4.070000  0.000168  0.012969 -0.000000
    4.080000  0.000163  0.012775 -0.000000
    4.090000  0.000158  0.012585 -0.000000
    4.100000  0.000154  0.012398 -0.000000
    4.110000  0.000149  0.012214 -0.000000
    4.120000  0.000145  0.012033 -0.000000
    4.130000  0.000141  0.011856 -0.000000
    4.140000  0.000136  0.011682 -0.000000
    4.150000  0.000133  0.011511 -0.000000
    4.160000  0.000129  0.011344 -0.000000
    4.170000  0.000125  0.011180 -0.000000
    4.180000  0.000121  0.011019 -0.000000
    4.190000  0.000118  0.010860 -0.000000
    4.200000  0.000115  0.010705 -0.000000
    4.210000  0.000111  0.010553 -0.000000
    4.220000  0.000108  0.010403 -0.000000
    4.230000  0.000105  0.010256 -0.000000
    4.240000  0.000102  0.010112 -0.000000
    4.250000  0.000099  0.009971 -0.000000
    4.260000  0.000097  0.009833 -0.000000
    4.270000  0.000094  0.009698 -0.000000
    4.280000  0.000091  0.009565 -0.000000
    4.290000  0.000089  0.009435 -0.000000
    4.300000  0.000087  0.009307 -0.000000
    4.310000  0.000084  0.009182 -0.000000
    4.320000  0.000082  0.009059 -0.000000
    4.330000  0.000080  0.008939 -0.000000
    4.340000  0.000078  0.008821 -0.000000
    4.350000  0.000076  0.008705 -0.000000
    4.360000  0.000074  0.008592 -0.000000
    4.370000  0.000072  0.008482 -0.000000
    4.380000  0.000070  0.008374 -0.000000
    4.390000  0.000068  0.008268 -0.000000
    4.400000  0.000067  0.008165 -0.000000
    4.410000  0.000065  0.008063 -0.000000
    4.420000  0.000063  0.007964 -0.000000
    4.430000  0.000062  0.007866 -0.000000
    4.440000  0.000060  0.007771 -0.000000
    4.450000  0.000059  0.007678 -0.000000
    4.460000  0.000058  0.007588 -0.000000
    4.470000  0.000056  0.007499 -0.000000
    4.480000  0.000055  0.007413 -0.000000
    4.490000  0.000054  0.007329 -0.000000
    4.500000  0.000053  0.007246 -0.000000
    4.510000  0.000051  0.007166 -0.000000
    4.520000  0.000050  0.007087 -0.000000
    4.530000  0.000049  0.007010 -0.000000
    4.540000  0.000048  0.006935 -0.000000
    4.550000  0.000047  0.006863 -0.000000
    4.560000  0.000046  0.006792 -0.000000
    4.570000  0.000045  0.006723 -0.000000
    4.580000  0.000044  0.006656 -0.000000
    4.590000  0.000043  0.006591 -0.000000
    4.600000  0.000043  0.006527 -0.000000
    4.610000  0.000042  0.006466 -0.000000
    4.620000  0.000041  0.006405 -0.000000
    4.630000  0.000040  0.006347 -0.000000
    4.640000  0.000040  0.006290 -0.000000
    4.650000  0.000039  0.006235 -0.000000
    4.660000  0.000038  0.006182 -0.000000
    4.670000  0.000038  0.006131 -0.000000
    4.680000  0.000037  0.006082 -0.000000
    4.690000  0.000036  0.006034 -0.000000
    4.700000  0.000036  0.005988 -0.000000
    4.710000  0.000035  0.005943 -0.000000
    4.720000  0.000035  0.005899 -0.000000
    4.730000  0.000034  0.005858 -0.000000
    4.740000  0.000034  0.005818 -0.000000
    4.750000  0.000033  0.005779 -0.000000
    4.760000  0.000033  0.005743 -0.000000
    4.770000  0.000033  0.005708 -0.000000
    4.780000  0.000032  0.005674 -0.000000
    4.790000  0.000032  0.005643 -0.000000
    4.800000  0.000031  0.005612 -0.000000
    4.810000  0.000031  0.005583 -0.000000
    4.820000  0.000031  0.005556 -0.000000
    4.830000  0.000031  0.005530 -0.000000
    4.840000  0.000030  0.005505 -0.000000
    4.850000  0.000030  0.005482 -0.000000
    4.860000  0.000030  0.005461 -0.000000
    4.870000  0.000030  0.005441 -0.000000
    4.880000  0.000029  0.005423 -0.000000
    4.890000  0.000029  0.005406 -0.000000
    4.900000  0.000029  0.005391 -0.000000
    4.910000  0.000029  0.005377 -0.000000
    4.920000  0.000029  0.005365 -0.000000
    4.930000  0.000029  0.005353 -0.000000
    4.940000  0.000029  0.005344 -0.000000
    4.950000  0.000028  0.005336 -0.000000
    4.960000  0.000028  0.005329 -0.000000
    4.970000  0.000028  0.005324 -0.000000
    4.980000  0.000028  0.005321 -0.000000
    4.990000  0.000028  0.005319 -0.000000
    5.000000  0.000028  0.005318 -0.000000
